<?xml version="1.0" encoding="UTF-8"?>
<testng-results ignored="0" total="1" passed="1" failed="0" skipped="0">
  <reporter-output>
  </reporter-output>
  <suite started-at="2021-10-27T19:09:36Z" name="Default suite" finished-at="2021-10-27T19:10:43Z" duration-ms="67525">
    <groups>
    </groups>
    <test started-at="2021-10-27T19:09:36Z" name="Default test" finished-at="2021-10-27T19:10:43Z" duration-ms="67525">
      <class name="locators.com.locators">
        <test-method signature="testing()[pri:0, instance:locators.com.locators@1ae8bcbc]" started-at="2021-10-27T19:09:36Z" name="testing" finished-at="2021-10-27T19:10:43Z" duration-ms="67479" status="PASS">
          <reporter-output>
          </reporter-output>
        </test-method> <!-- testing -->
      </class> <!-- locators.com.locators -->
    </test> <!-- Default test -->
  </suite> <!-- Default suite -->
</testng-results>
